<?xml version="1.0" encoding="UTF-8"?>
<testsuite name="org.acme.PetTypeResourceTest" tests="4" skipped="0" failures="0" errors="0" timestamp="2021-11-19T14:40:02" hostname="MSI" time="1.964">
  <properties/>
  <testcase name="testAddPetTypeEndpoint()" classname="org.acme.PetTypeResourceTest" time="1.447"/>
  <testcase name="testPetTypeEndpoint()" classname="org.acme.PetTypeResourceTest" time="0.436"/>
  <testcase name="testDeletePetTypeEndpoint()" classname="org.acme.PetTypeResourceTest" time="0.043"/>
  <testcase name="testUpdatePetTypeEndpoint()" classname="org.acme.PetTypeResourceTest" time="0.034"/>
  <system-out><![CDATA[]]></system-out>
  <system-err><![CDATA[Nov 19, 2021 8:09:59 PM org.jboss.threads.Version <clinit>
INFO: JBoss Threads version 3.1.1.Final
Nov 19, 2021 8:10:01 PM org.jboss.resteasy.core.ResteasyDeploymentImpl processApplication
INFO: RESTEASY002225: Deploying javax.ws.rs.core.Application: class com.example.petstore.PetstoreRestApplication
Nov 19, 2021 8:10:01 PM org.jboss.threads.Version <clinit>
INFO: JBoss Threads version 3.1.1.Final
Nov 19, 2021 8:10:02 PM io.quarkus.bootstrap.runner.Timing printStartupTime
INFO: Quarkus 1.7.6.Final on JVM started in 2.888s. Listening on: http://0.0.0.0:8081
Nov 19, 2021 8:10:02 PM io.quarkus.bootstrap.runner.Timing printStartupTime
INFO: Profile test activated. 
Nov 19, 2021 8:10:02 PM io.quarkus.bootstrap.runner.Timing printStartupTime
INFO: Installed features: [cdi, jaeger, mutiny, rest-client, resteasy, resteasy-jsonb, security, smallrye-context-propagation, smallrye-fault-tolerance, smallrye-health, smallrye-jwt, smallrye-metrics, smallrye-openapi, smallrye-opentracing, swagger-ui, vertx, vertx-web]
]]></system-err>
</testsuite>
